       1        1        1        0        0        0                         0.8705E+10  0.9644E+06  0.1986E+07  0.1203E+07  0.1104E+08  0.3708E+06  0.0000E+00  0.0000E+00
       1        2        2        0        0        0                         0.9548E+10  0.1699E+07  0.3060E+07  0.4266E+07  0.9768E+07  0.8412E+07  0.0000E+00  0.0000E+00
       1        3        3        0        0        0                         0.8483E+10  0.5408E+07  0.1308E+08  0.5246E+07  0.1348E+08  0.2488E+06  0.0000E+00  0.0000E+00
       1        4        4        0        0        0                         0.2559E+10  0.7692E+06  0.7395E+06  0.8204E+06  0.3115E+07  0.2866E+06  0.0000E+00  0.0000E+00
       1        5        5        0        0        0                         0.1046E+10  0.3343E+06  0.3353E+06  0.4663E+06  0.1053E+07  0.1455E+06  0.0000E+00  0.0000E+00
       1        6        6        0        0        0                         0.3981E+10  0.1273E+07  0.1238E+07  0.1347E+07  0.4306E+07  0.4895E+06  0.0000E+00  0.0000E+00
       1        7        7        0        0        0                         0.6857E+10  0.2683E+07  0.5410E+07  0.2176E+07  0.2215E+07  0.1126E+06  0.0000E+00  0.0000E+00
       1        8        8        0        0        0                         0.7066E+10  0.6925E+07  0.1292E+08  0.4204E+07  0.4202E+07  0.3082E+07  0.0000E+00  0.0000E+00
       1        9        9        0        0        0                         0.6076E+10  0.4923E+07  0.7162E+07  0.2956E+07  0.4733E+07  0.1253E+07  0.0000E+00  0.0000E+00
       1       10       10        0        0        0                         0.1244E+11  0.4749E+07  0.8638E+07  0.1072E+08  0.7481E+07  0.1968E+08  0.0000E+00  0.0000E+00
       1       11       11        0        0        0                         0.8678E+10  0.1211E+08  0.1156E+08  0.6262E+07  0.4690E+07  0.2485E+06  0.0000E+00  0.0000E+00
       1       12       12        0        0        0                         0.2671E+11  0.2070E+08  0.2801E+08  0.6322E+08  0.1686E+08  0.1290E+09  0.0000E+00  0.0000E+00
       1       13       13        0        0        0                         0.3036E+11  0.2483E+08  0.3829E+08  0.9948E+08  0.7155E+07  0.3923E+09  0.0000E+00  0.0000E+00
       1       14       14        0        0        0                         0.1889E+11  0.1131E+08  0.2140E+08  0.9341E+07  0.8205E+07  0.3928E+06  0.0000E+00  0.0000E+00
       1       15       15        0        0        0                         0.3469E+10  0.1416E+07  0.1837E+07  0.1391E+07  0.1627E+07  0.1477E+06  0.0000E+00  0.0000E+00
       1       16       16        0        0        0                         0.3323E+10  0.3345E+07  0.3504E+07  0.2523E+07  0.2407E+07  0.1444E+06  0.0000E+00  0.0000E+00
       1       17       17        0        0        0                         0.5570E+08  0.2503E+05  0.3407E+05  0.1683E+05  0.4868E+05  0.1071E+04  0.0000E+00  0.0000E+00
       1       18       18        0        0        0                         0.9201E+10  0.1837E+08  0.3692E+07  0.4767E+07  0.4534E+07  0.1304E+06  0.0000E+00  0.0000E+00
       1       19       19        0        0        0                         0.7268E+10  0.3928E+06  0.8710E+06  0.2478E+07  0.6299E+07  0.9150E+05  0.0000E+00  0.0000E+00
       1       20       20        0        0        0                         0.6711E+09  0.2925E+05  0.9045E+05  0.2018E+06  0.4206E+06  0.7353E+04  0.0000E+00  0.0000E+00
       1       21       21        0        0        0                         0.1732E+11  0.9967E+07  0.1696E+08  0.8750E+07  0.1906E+08  0.5875E+07  0.0000E+00  0.0000E+00
       1       22       22        0        0        0                         0.2584E+10  0.1667E+06  0.4068E+06  0.9319E+06  0.2053E+07  0.3650E+05  0.0000E+00  0.0000E+00
       1       23       23        0        0        0                         0.1440E+11  0.1146E+08  0.2757E+08  0.8798E+07  0.6210E+07  0.2575E+07  0.0000E+00  0.0000E+00
       1       24       24        0        0        0                         0.1322E+11  0.1540E+08  0.2331E+07  0.4102E+07  0.1448E+08  0.1106E+06  0.0000E+00  0.0000E+00
       1       25       25        0        0        0                         0.3290E+10  0.1644E+07  0.3455E+07  0.1294E+07  0.2476E+07  0.3784E+05  0.0000E+00  0.0000E+00
       1       26       26        0        0        0                         0.8465E+10  0.7218E+07  0.2931E+07  0.3639E+07  0.1109E+08  0.6205E+07  0.0000E+00  0.0000E+00
       1       27       27        0        0        0                         0.3074E+11  0.4955E+07  0.1906E+08  0.7784E+07  0.4507E+07  0.6613E+07  0.0000E+00  0.0000E+00
       1       28       28        0        0        0                         0.1462E+11  0.2501E+07  0.3514E+07  0.3023E+07  0.1620E+08  0.2096E+07  0.0000E+00  0.0000E+00
       1       29       29        0        0        0                         0.2227E+11  0.4595E+07  0.1132E+08  0.6715E+07  0.2062E+08  0.6092E+06  0.0000E+00  0.0000E+00
       1       30       30        0        0        0                         0.1573E+11  0.7541E+07  0.1236E+08  0.3679E+07  0.2157E+07  0.4004E+05  0.0000E+00  0.0000E+00
       1       31       31        0        0        0                         0.1911E+11  0.1028E+08  0.1727E+08  0.4828E+07  0.2437E+07  0.5316E+05  0.0000E+00  0.0000E+00
       1       32       32        0        0        0                         0.1055E+11  0.1332E+08  0.3596E+07  0.3005E+07  0.4057E+07  0.8811E+06  0.0000E+00  0.0000E+00
       1       33       33        0        0        0                         0.1575E+11  0.7595E+06  0.2697E+07  0.1190E+07  0.4605E+08  0.7961E+06  0.0000E+00  0.0000E+00
       1       34       34        0        0        0                         0.7763E+10  0.1473E+07  0.3097E+07  0.2043E+07  0.1324E+08  0.1259E+06  0.0000E+00  0.0000E+00
       1       35       35        0        0        0                         0.4475E+10  0.5035E+06  0.8116E+06  0.1507E+07  0.3533E+07  0.6856E+05  0.0000E+00  0.0000E+00
       1       36       36        0        0        0                         0.3074E+11  0.6537E+07  0.9885E+07  0.5703E+07  0.2128E+08  0.2455E+06  0.0000E+00  0.0000E+00
       1       37       37        0        0        0                         0.1199E+11  0.1779E+07  0.2449E+07  0.2149E+07  0.9273E+07  0.3919E+06  0.0000E+00  0.0000E+00
       1       38       38        0        0        0                         0.1334E+11  0.9288E+07  0.1591E+08  0.6577E+07  0.4371E+07  0.7330E+06  0.0000E+00  0.0000E+00
       1       39       39        0        0        0                         0.1511E+11  0.1164E+07  0.5443E+07  0.3265E+07  0.8774E+07  0.3901E+06  0.0000E+00  0.0000E+00
       1       40       40        0        0        0                         0.8835E+09  0.4429E+06  0.5151E+06  0.2566E+06  0.5714E+06  0.2656E+05  0.0000E+00  0.0000E+00
       1       41       41        0        0        0                         0.1033E+11  0.8112E+06  0.1696E+07  0.1775E+07  0.2278E+08  0.6790E+05  0.0000E+00  0.0000E+00
       1       42       42        0        0        0                         0.9000E+10  0.9346E+06  0.1395E+07  0.1368E+07  0.5388E+07  0.6852E+05  0.0000E+00  0.0000E+00
       1       43       43        0        0        0                         0.7935E+10  0.7165E+06  0.8868E+06  0.1476E+07  0.3901E+07  0.5992E+05  0.0000E+00  0.0000E+00
       1       44       44        0        0        0                         0.1247E+11  0.4318E+07  0.9410E+07  0.3213E+07  0.4358E+07  0.3722E+05  0.0000E+00  0.0000E+00
       1       45       45        0        0        0                         0.1121E+11  0.5114E+07  0.7729E+07  0.4831E+07  0.9275E+07  0.7823E+07  0.0000E+00  0.0000E+00
       1       46       46        0        0        0                         0.4366E+10  0.7459E+06  0.1349E+07  0.6154E+06  0.2043E+07  0.4457E+06  0.0000E+00  0.0000E+00
       1       47       47        0        0        0                         0.6542E+10  0.6213E+06  0.6790E+06  0.1414E+07  0.2316E+07  0.3570E+05  0.0000E+00  0.0000E+00
       1       48       48        0        0        0                         0.1419E+11  0.9573E+06  0.2140E+07  0.2702E+07  0.3450E+08  0.1302E+06  0.0000E+00  0.0000E+00
       1       49       49        0        0        0                         0.4983E+10  0.8183E+06  0.2078E+07  0.1228E+07  0.6037E+07  0.6297E+05  0.0000E+00  0.0000E+00
       1       50       50        0        0        0                         0.1997E+11  0.1296E+07  0.1434E+07  0.2127E+07  0.1445E+08  0.6212E+05  0.0000E+00  0.0000E+00
       1       51       51        0        0        0                         0.1940E+11  0.1231E+07  0.1747E+07  0.2138E+07  0.2820E+08  0.6584E+05  0.0000E+00  0.0000E+00
       1       52       52        0        0        0                         0.1984E+11  0.8406E+07  0.1482E+08  0.6996E+07  0.4401E+08  0.8062E+06  0.0000E+00  0.0000E+00
       1       53       53        0        0        0                         0.5323E+11  0.4446E+08  0.5615E+08  0.2598E+08  0.7242E+08  0.6075E+06  0.0000E+00  0.0000E+00
       1       54       54        0        0        0                         0.1398E+11  0.6722E+06  0.1446E+07  0.1665E+07  0.5143E+07  0.7367E+05  0.0000E+00  0.0000E+00
       1       55       55        0        0        0                         0.3018E+11  0.4092E+07  0.6076E+07  0.3628E+07  0.3482E+08  0.9795E+05  0.0000E+00  0.0000E+00
      11       56        1        0        0        0                   1p    0.0000E+00  0.0000E+00  0.0000E+00  0.0000E+00  0.0000E+00  0.0000E+00  0.0000E+00  0.0000E+00
       5       57        1       56        0        0                         0.8705E+10  0.9644E+06  0.1986E+07  0.1203E+07  0.1104E+08  0.3708E+06  0.0000E+00  0.0000E+00
       2       58        1       57        1        0                         0.8699E+10  0.9576E+06  0.1341E+07  0.6374E+06  0.1352E+08  0.3710E+06  0.0000E+00  0.0000E+00
       3       59        1       58        0        0                         0.8990E+10  0.2089E+05  0.1229E+07  0.5497E+06  0.1245E+08  0.3103E+06  0.0000E+00  0.0000E+00
      11       60        2        0        0        0                   2p    0.0000E+00  0.0000E+00  0.0000E+00  0.0000E+00  0.0000E+00  0.0000E+00  0.0000E+00  0.0000E+00
       5       61        2       60        0        0                         0.9548E+10  0.1699E+07  0.3060E+07  0.4266E+07  0.9768E+07  0.8412E+07  0.0000E+00  0.0000E+00
       2       62        2       61        2        0                         0.9531E+10  0.1699E+07  0.2160E+07  0.2545E+07  0.1165E+08  0.8747E+07  0.0000E+00  0.0000E+00
      11       63        3        0        0        0                   8p    0.0000E+00  0.0000E+00  0.0000E+00  0.0000E+00  0.0000E+00  0.0000E+00  0.0000E+00  0.0000E+00
       5       64        8       63        0        0                         0.7066E+10  0.6925E+07  0.1292E+08  0.4204E+07  0.4202E+07  0.3082E+07  0.0000E+00  0.0000E+00
       2       65        8       64        8        0                         0.7024E+10  0.3278E+07  0.8799E+07  0.2282E+07  0.4200E+07  0.3671E+07  0.0000E+00  0.0000E+00
       3       66        2       65        0        0                         0.6638E+10  0.1438E+05  0.7553E+07  0.1691E+07  0.3360E+07  0.2295E+07  0.0000E+00  0.0000E+00
       5       67        9       66        0        0                         0.1271E+11  0.4937E+07  0.1471E+08  0.4648E+07  0.8093E+07  0.3548E+07  0.0000E+00  0.0000E+00
      11       68        4        0        0        0                   9p    0.0000E+00  0.0000E+00  0.0000E+00  0.0000E+00  0.0000E+00  0.0000E+00  0.0000E+00  0.0000E+00
       5       69       67       68        0        0                         0.1271E+11  0.4937E+07  0.1471E+08  0.4648E+07  0.8093E+07  0.3548E+07  0.0000E+00  0.0000E+00
       2       70        9       69        9        0                         0.1262E+11  0.2922E+07  0.1084E+08  0.2698E+07  0.7954E+07  0.4304E+07  0.0000E+00  0.0000E+00
      11       71        5        0        0        0                  10p    0.0000E+00  0.0000E+00  0.0000E+00  0.0000E+00  0.0000E+00  0.0000E+00  0.0000E+00  0.0000E+00
       5       72       10       71        0        0                         0.1244E+11  0.4749E+07  0.8638E+07  0.1072E+08  0.7481E+07  0.1968E+08  0.0000E+00  0.0000E+00
       2       73       10       72       10        0                         0.1239E+11  0.4713E+07  0.6647E+07  0.6545E+07  0.7171E+07  0.1868E+08  0.0000E+00  0.0000E+00
       5       74       12       73        0        0                         0.3910E+11  0.2542E+08  0.3466E+08  0.6977E+08  0.2403E+08  0.1477E+09  0.0000E+00  0.0000E+00
      11       75        6        0        0        0                  12p    0.0000E+00  0.0000E+00  0.0000E+00  0.0000E+00  0.0000E+00  0.0000E+00  0.0000E+00  0.0000E+00
       5       76       74       75        0        0                         0.3910E+11  0.2542E+08  0.3466E+08  0.6977E+08  0.2403E+08  0.1477E+09  0.0000E+00  0.0000E+00
       2       77       12       76       12        0                         0.3907E+11  0.2542E+08  0.3258E+08  0.6362E+08  0.2395E+08  0.1510E+09  0.0000E+00  0.0000E+00
       3       78        3       77        0        0                         0.3886E+11  0.6423E+05  0.2885E+08  0.4884E+08  0.2014E+08  0.1161E+09  0.0000E+00  0.0000E+00
       5       79       19       78        0        0                         0.4613E+11  0.4571E+06  0.2972E+08  0.5132E+08  0.2644E+08  0.1162E+09  0.0000E+00  0.0000E+00
      11       80        7        0        0        0                  19p    0.0000E+00  0.0000E+00  0.0000E+00  0.0000E+00  0.0000E+00  0.0000E+00  0.0000E+00  0.0000E+00
       5       81       79       80        0        0                         0.4613E+11  0.4571E+06  0.2972E+08  0.5132E+08  0.2644E+08  0.1162E+09  0.0000E+00  0.0000E+00
       2       82       19       81       19        0                         0.4608E+11  0.4571E+06  0.3528E+08  0.3716E+08  0.1994E+08  0.1261E+09  0.0000E+00  0.0000E+00
       3       83        4       82        0        0                         0.4593E+11  0.7099E+06  0.1594E+08  0.1992E+08  0.1058E+08  0.7250E+08  0.0000E+00  0.0000E+00
       5       84       20       83        0        0                         0.4660E+11  0.7391E+06  0.1603E+08  0.2012E+08  0.1100E+08  0.7251E+08  0.0000E+00  0.0000E+00
      11       85        8        0        0        0                  20p    0.0000E+00  0.0000E+00  0.0000E+00  0.0000E+00  0.0000E+00  0.0000E+00  0.0000E+00  0.0000E+00
       5       86       84       85        0        0                         0.4660E+11  0.7391E+06  0.1603E+08  0.2012E+08  0.1100E+08  0.7251E+08  0.0000E+00  0.0000E+00
       2       87       20       86       20        0                         0.4652E+11  0.6269E+06  0.2173E+08  0.1479E+08  0.8860E+07  0.7942E+08  0.0000E+00  0.0000E+00
      11       88        9        0        0        0                  13p    0.0000E+00  0.0000E+00  0.0000E+00  0.0000E+00  0.0000E+00  0.0000E+00  0.0000E+00  0.0000E+00
       5       89       13       88        0        0                         0.3036E+11  0.2483E+08  0.3829E+08  0.9948E+08  0.7155E+07  0.3923E+09  0.0000E+00  0.0000E+00
       2       90       13       89       13        0                         0.2985E+11  0.9669E+07  0.2323E+08  0.4404E+08  0.9273E+07  0.4259E+09  0.0000E+00  0.0000E+00
      11       91       10        0        0        0                  21p    0.0000E+00  0.0000E+00  0.0000E+00  0.0000E+00  0.0000E+00  0.0000E+00  0.0000E+00  0.0000E+00
       5       92       21       91        0        0                         0.1732E+11  0.9967E+07  0.1696E+08  0.8750E+07  0.1906E+08  0.5875E+07  0.0000E+00  0.0000E+00
       2       93       21       92       21        0                         0.1728E+11  0.7710E+07  0.8713E+07  0.3699E+07  0.2014E+08  0.5484E+07  0.0000E+00  0.0000E+00
      11       94       11        0        0        0                  23p    0.0000E+00  0.0000E+00  0.0000E+00  0.0000E+00  0.0000E+00  0.0000E+00  0.0000E+00  0.0000E+00
       5       95       23       94        0        0                         0.1440E+11  0.1146E+08  0.2757E+08  0.8798E+07  0.6210E+07  0.2575E+07  0.0000E+00  0.0000E+00
       2       96       23       95       23        0                         0.1431E+11  0.6276E+07  0.2033E+08  0.5228E+07  0.6185E+07  0.3665E+07  0.0000E+00  0.0000E+00
      11       97       12        0        0        0                  27p    0.0000E+00  0.0000E+00  0.0000E+00  0.0000E+00  0.0000E+00  0.0000E+00  0.0000E+00  0.0000E+00
       5       98       27       97        0        0                         0.3074E+11  0.4955E+07  0.1906E+08  0.7784E+07  0.4507E+07  0.6613E+07  0.0000E+00  0.0000E+00
       2       99       27       98       27        0                         0.3065E+11  0.4955E+07  0.1247E+08  0.3816E+07  0.4401E+07  0.4486E+07  0.0000E+00  0.0000E+00
      11      100       13        0        0        0                  30p    0.0000E+00  0.0000E+00  0.0000E+00  0.0000E+00  0.0000E+00  0.0000E+00  0.0000E+00  0.0000E+00
       5      101       30      100        0        0                         0.1573E+11  0.7541E+07  0.1236E+08  0.3679E+07  0.2157E+07  0.4004E+05  0.0000E+00  0.0000E+00
       2      102       30      101       30        0                         0.1572E+11  0.6087E+07  0.7115E+07  0.1847E+07  0.2190E+07  0.1038E+06  0.0000E+00  0.0000E+00
       5      103       31      102        0        0                         0.3483E+11  0.1636E+08  0.2439E+08  0.6675E+07  0.4626E+07  0.1569E+06  0.0000E+00  0.0000E+00
      11      104       14        0        0        0                  31p    0.0000E+00  0.0000E+00  0.0000E+00  0.0000E+00  0.0000E+00  0.0000E+00  0.0000E+00  0.0000E+00
       5      105      103      104        0        0                         0.3483E+11  0.1636E+08  0.2439E+08  0.6675E+07  0.4626E+07  0.1569E+06  0.0000E+00  0.0000E+00
       2      106       31      105       31        0                         0.3473E+11  0.1345E+08  0.6591E+07  0.1707E+07  0.4376E+07  0.2645E+06  0.0000E+00  0.0000E+00
       3      107        5      106        0        0                         0.3566E+11  0.1157E+06  0.6447E+07  0.1633E+07  0.4207E+07  0.2477E+06  0.0000E+00  0.0000E+00
       5      108       32      107        0        0                         0.4621E+11  0.1344E+08  0.1004E+08  0.4638E+07  0.8263E+07  0.1129E+07  0.0000E+00  0.0000E+00
      11      109       15        0        0        0                  32p    0.0000E+00  0.0000E+00  0.0000E+00  0.0000E+00  0.0000E+00  0.0000E+00  0.0000E+00  0.0000E+00
       5      110      108      109        0        0                         0.4621E+11  0.1344E+08  0.1004E+08  0.4638E+07  0.8263E+07  0.1129E+07  0.0000E+00  0.0000E+00
       2      111       32      110       32        0                         0.4518E+11  0.1344E+08  0.4294E+07  0.2188E+07  0.8185E+07  0.1562E+07  0.0000E+00  0.0000E+00
       5      112       26      111        0        0                         0.5364E+11  0.2066E+08  0.7225E+07  0.5826E+07  0.1928E+08  0.7767E+07  0.0000E+00  0.0000E+00
      11      113       16        0        0        0                  26p    0.0000E+00  0.0000E+00  0.0000E+00  0.0000E+00  0.0000E+00  0.0000E+00  0.0000E+00  0.0000E+00
       5      114      112      113        0        0                         0.5364E+11  0.2066E+08  0.7225E+07  0.5826E+07  0.1928E+08  0.7767E+07  0.0000E+00  0.0000E+00
       2      115       26      114       26        0                         0.5256E+11  0.2066E+08  0.2932E+07  0.2688E+07  0.1841E+08  0.7039E+07  0.0000E+00  0.0000E+00
       3      116        6      115        0        0                         0.5250E+11  0.5250E+05  0.2661E+07  0.2383E+07  0.1708E+08  0.6364E+07  0.0000E+00  0.0000E+00
      11      117       17        0        0        0                  34p    0.0000E+00  0.0000E+00  0.0000E+00  0.0000E+00  0.0000E+00  0.0000E+00  0.0000E+00  0.0000E+00
       5      118       34      117        0        0                         0.7763E+10  0.1473E+07  0.3097E+07  0.2043E+07  0.1324E+08  0.1259E+06  0.0000E+00  0.0000E+00
       2      119       34      118       34        0                         0.7759E+10  0.1473E+07  0.3046E+07  0.1990E+07  0.1325E+08  0.1658E+06  0.0000E+00  0.0000E+00
       3      120        7      119        0        0                         0.7490E+10  0.3109E+05  0.2754E+07  0.1678E+07  0.1164E+08  0.1400E+06  0.0000E+00  0.0000E+00
       5      121       33      120        0        0                         0.2324E+11  0.7906E+06  0.5452E+07  0.2868E+07  0.5768E+08  0.9362E+06  0.0000E+00  0.0000E+00
      11      122       18        0        0        0                  33p    0.0000E+00  0.0000E+00  0.0000E+00  0.0000E+00  0.0000E+00  0.0000E+00  0.0000E+00  0.0000E+00
       5      123      121      122        0        0                         0.2324E+11  0.7906E+06  0.5452E+07  0.2868E+07  0.5768E+08  0.9362E+06  0.0000E+00  0.0000E+00
       2      124       33      123       33        0                         0.2302E+11  0.4877E+06  0.3992E+07  0.1693E+07  0.5856E+08  0.1724E+07  0.0000E+00  0.0000E+00
       5      125       29      124        0        0                         0.4529E+11  0.5082E+07  0.1531E+08  0.8408E+07  0.7918E+08  0.2333E+07  0.0000E+00  0.0000E+00
      11      126       19        0        0        0                  29p    0.0000E+00  0.0000E+00  0.0000E+00  0.0000E+00  0.0000E+00  0.0000E+00  0.0000E+00  0.0000E+00
       5      127      125      126        0        0                         0.4529E+11  0.5082E+07  0.1531E+08  0.8408E+07  0.7918E+08  0.2333E+07  0.0000E+00  0.0000E+00
       2      128       29      127       29        0                         0.4520E+11  0.5082E+07  0.1038E+08  0.4789E+07  0.8208E+08  0.3435E+07  0.0000E+00  0.0000E+00
      11      129       20        0        0        0                  38p    0.0000E+00  0.0000E+00  0.0000E+00  0.0000E+00  0.0000E+00  0.0000E+00  0.0000E+00  0.0000E+00
       5      130       38      129        0        0                         0.1334E+11  0.9288E+07  0.1591E+08  0.6577E+07  0.4371E+07  0.7330E+06  0.0000E+00  0.0000E+00
       2      131       38      130       38        0                         0.1326E+11  0.9288E+07  0.1082E+08  0.3519E+07  0.4594E+07  0.9462E+06  0.0000E+00  0.0000E+00
      11      132       21        0        0        0                  39p    0.0000E+00  0.0000E+00  0.0000E+00  0.0000E+00  0.0000E+00  0.0000E+00  0.0000E+00  0.0000E+00
       5      133       39      132        0        0                         0.1511E+11  0.1164E+07  0.5443E+07  0.3265E+07  0.8774E+07  0.3901E+06  0.0000E+00  0.0000E+00
       2      134       39      133       39        0                         0.1510E+11  0.1164E+07  0.4505E+07  0.2120E+07  0.9077E+07  0.5859E+06  0.0000E+00  0.0000E+00
       3      135        8      134        0        0                         0.1528E+11  0.1058E+06  0.4245E+07  0.1890E+07  0.8050E+07  0.5262E+06  0.0000E+00  0.0000E+00
      11      136       22        0        0        0                  41p    0.0000E+00  0.0000E+00  0.0000E+00  0.0000E+00  0.0000E+00  0.0000E+00  0.0000E+00  0.0000E+00
       5      137       41      136        0        0                         0.1033E+11  0.8112E+06  0.1696E+07  0.1775E+07  0.2278E+08  0.6790E+05  0.0000E+00  0.0000E+00
       2      138       41      137       41        0                         0.1032E+11  0.7272E+06  0.9750E+06  0.9471E+06  0.2353E+08  0.1778E+06  0.0000E+00  0.0000E+00
       3      139        9      138        0        0                         0.1037E+11  0.2298E+05  0.7970E+06  0.6298E+06  0.1826E+08  0.1252E+06  0.0000E+00  0.0000E+00
       5      140       48      139        0        0                         0.2457E+11  0.9802E+06  0.2937E+07  0.3332E+07  0.5276E+08  0.2554E+06  0.0000E+00  0.0000E+00
      11      141       23        0        0        0                  48p    0.0000E+00  0.0000E+00  0.0000E+00  0.0000E+00  0.0000E+00  0.0000E+00  0.0000E+00  0.0000E+00
       5      142      140      141        0        0                         0.2457E+11  0.9802E+06  0.2937E+07  0.3332E+07  0.5276E+08  0.2554E+06  0.0000E+00  0.0000E+00
       2      143       48      142       48        0                         0.2451E+11  0.9802E+06  0.2065E+07  0.1954E+07  0.5396E+08  0.5230E+06  0.0000E+00  0.0000E+00
       5      144       52      143        0        0                         0.4435E+11  0.9386E+07  0.1688E+08  0.8951E+07  0.9797E+08  0.1329E+07  0.0000E+00  0.0000E+00
      11      145       24        0        0        0                  52p    0.0000E+00  0.0000E+00  0.0000E+00  0.0000E+00  0.0000E+00  0.0000E+00  0.0000E+00  0.0000E+00
       5      146      144      145        0        0                         0.4435E+11  0.9386E+07  0.1688E+08  0.8951E+07  0.9797E+08  0.1329E+07  0.0000E+00  0.0000E+00
       2      147       52      146       52        0                         0.4429E+11  0.9386E+07  0.1063E+08  0.4951E+07  0.1022E+09  0.2156E+07  0.0000E+00  0.0000E+00
      11      148       25        0        0        0                  44p    0.0000E+00  0.0000E+00  0.0000E+00  0.0000E+00  0.0000E+00  0.0000E+00  0.0000E+00  0.0000E+00
       5      149       44      148        0        0                         0.1247E+11  0.4318E+07  0.9410E+07  0.3213E+07  0.4358E+07  0.3722E+05  0.0000E+00  0.0000E+00
       2      150       44      149       44        0                         0.1246E+11  0.4318E+07  0.4916E+07  0.1448E+07  0.4651E+07  0.7649E+05  0.0000E+00  0.0000E+00
       3      151       10      150        0        0                         0.1275E+11  0.5767E+06  0.4234E+07  0.1268E+07  0.3221E+07  0.6995E+05  0.0000E+00  0.0000E+00
       5      152       40      151        0        0                         0.1363E+11  0.1020E+07  0.4750E+07  0.1524E+07  0.3792E+07  0.9651E+05  0.0000E+00  0.0000E+00
      11      153       26        0        0        0                  40p    0.0000E+00  0.0000E+00  0.0000E+00  0.0000E+00  0.0000E+00  0.0000E+00  0.0000E+00  0.0000E+00
       5      154      152      153        0        0                         0.1363E+11  0.1020E+07  0.4750E+07  0.1524E+07  0.3792E+07  0.9651E+05  0.0000E+00  0.0000E+00
       2      155       40      154       40        0                         0.1362E+11  0.1016E+07  0.3245E+07  0.9917E+06  0.3746E+07  0.1826E+06  0.0000E+00  0.0000E+00
      11      156       27        0        0        0                  45p    0.0000E+00  0.0000E+00  0.0000E+00  0.0000E+00  0.0000E+00  0.0000E+00  0.0000E+00  0.0000E+00
       5      157       45      156        0        0                         0.1121E+11  0.5114E+07  0.7729E+07  0.4831E+07  0.9275E+07  0.7823E+07  0.0000E+00  0.0000E+00
       2      158       45      157       45        0                         0.1119E+11  0.4809E+07  0.3041E+07  0.1656E+07  0.9380E+07  0.4771E+07  0.0000E+00  0.0000E+00
      11      159       28        0        0        0                  54p    0.0000E+00  0.0000E+00  0.0000E+00  0.0000E+00  0.0000E+00  0.0000E+00  0.0000E+00  0.0000E+00
       5      160       54      159        0        0                         0.1398E+11  0.6722E+06  0.1446E+07  0.1665E+07  0.5143E+07  0.7367E+05  0.0000E+00  0.0000E+00
       2      161       54      160       54        0                         0.1397E+11  0.6722E+06  0.1159E+07  0.1156E+07  0.5219E+07  0.1933E+06  0.0000E+00  0.0000E+00
       5      162       22       87        0        0                         0.4910E+11  0.7937E+06  0.2214E+08  0.1572E+08  0.1091E+08  0.7946E+08  0.0000E+00  0.0000E+00
       5      163      162       93        0        0                         0.6638E+11  0.8504E+07  0.3085E+08  0.1942E+08  0.3105E+08  0.8494E+08  0.0000E+00  0.0000E+00
      11      164       29        0        0        0                  22p    0.0000E+00  0.0000E+00  0.0000E+00  0.0000E+00  0.0000E+00  0.0000E+00  0.0000E+00  0.0000E+00
       5      165      163      164        0        0                         0.6638E+11  0.8504E+07  0.3085E+08  0.1942E+08  0.3105E+08  0.8494E+08  0.0000E+00  0.0000E+00
       2      166       22      165       22        0                         0.6628E+11  0.7192E+07  0.2521E+08  0.1283E+08  0.3046E+08  0.9058E+08  0.0000E+00  0.0000E+00
       5      167       15       90        0        0                         0.3332E+11  0.1109E+08  0.2507E+08  0.4543E+08  0.1090E+08  0.4261E+09  0.0000E+00  0.0000E+00
       5      168      167       96        0        0                         0.4763E+11  0.1736E+08  0.4540E+08  0.5066E+08  0.1708E+08  0.4298E+09  0.0000E+00  0.0000E+00
       5      169      168       99        0        0                         0.7829E+11  0.2232E+08  0.5787E+08  0.5448E+08  0.2149E+08  0.4342E+09  0.0000E+00  0.0000E+00
      11      170       30        0        0        0                  15p    0.0000E+00  0.0000E+00  0.0000E+00  0.0000E+00  0.0000E+00  0.0000E+00  0.0000E+00  0.0000E+00
       5      171      169      170        0        0                         0.7829E+11  0.2232E+08  0.5787E+08  0.5448E+08  0.2149E+08  0.4342E+09  0.0000E+00  0.0000E+00
       2      172       15      171       15        0                         0.7820E+11  0.2232E+08  0.3711E+08  0.3402E+08  0.2272E+08  0.4200E+09  0.0000E+00  0.0000E+00
       3      173       11      172        0        0                         0.7685E+11  0.8845E+05  0.1803E+08  0.2617E+08  0.1804E+08  0.3593E+09  0.0000E+00  0.0000E+00
       5      174       18      173        0        0                         0.8605E+11  0.1846E+08  0.2172E+08  0.3093E+08  0.2257E+08  0.3595E+09  0.0000E+00  0.0000E+00
      11      175       31        0        0        0                  18p    0.0000E+00  0.0000E+00  0.0000E+00  0.0000E+00  0.0000E+00  0.0000E+00  0.0000E+00  0.0000E+00
       5      176      174      175        0        0                         0.8605E+11  0.1846E+08  0.2172E+08  0.3093E+08  0.2257E+08  0.3595E+09  0.0000E+00  0.0000E+00
       2      177       18      176       18        0                         0.8599E+11  0.1846E+08  0.4390E+08  0.2666E+08  0.1365E+08  0.3596E+09  0.0000E+00  0.0000E+00
       5      178       37      135        0        0                         0.2727E+11  0.1885E+07  0.6694E+07  0.4039E+07  0.1732E+08  0.9181E+06  0.0000E+00  0.0000E+00
       5      179      178      155        0        0                         0.4089E+11  0.2901E+07  0.9939E+07  0.5031E+07  0.2107E+08  0.1101E+07  0.0000E+00  0.0000E+00
      11      180       32        0        0        0                  37p    0.0000E+00  0.0000E+00  0.0000E+00  0.0000E+00  0.0000E+00  0.0000E+00  0.0000E+00  0.0000E+00
       5      181      179      180        0        0                         0.4089E+11  0.2901E+07  0.9939E+07  0.5031E+07  0.2107E+08  0.1101E+07  0.0000E+00  0.0000E+00
       2      182       37      181       37        0                         0.4086E+11  0.2901E+07  0.8872E+07  0.3663E+07  0.2118E+08  0.1697E+07  0.0000E+00  0.0000E+00
       5      183       35      182        0        0                         0.4533E+11  0.3405E+07  0.9683E+07  0.5171E+07  0.2472E+08  0.1765E+07  0.0000E+00  0.0000E+00
      11      184       33        0        0        0                  35p    0.0000E+00  0.0000E+00  0.0000E+00  0.0000E+00  0.0000E+00  0.0000E+00  0.0000E+00  0.0000E+00
       5      185      183      184        0        0                         0.4533E+11  0.3405E+07  0.9683E+07  0.5171E+07  0.2472E+08  0.1765E+07  0.0000E+00  0.0000E+00
       2      186       35      185       35        0                         0.4531E+11  0.3405E+07  0.8166E+07  0.3659E+07  0.2492E+08  0.2531E+07  0.0000E+00  0.0000E+00
       5      187        6       59        0        0                         0.1297E+11  0.1294E+07  0.2467E+07  0.1897E+07  0.1676E+08  0.7998E+06  0.0000E+00  0.0000E+00
       5      188      187       70        0        0                         0.2559E+11  0.4217E+07  0.1330E+08  0.4595E+07  0.2471E+08  0.5104E+07  0.0000E+00  0.0000E+00
      11      189       34        0        0        0                   6p    0.0000E+00  0.0000E+00  0.0000E+00  0.0000E+00  0.0000E+00  0.0000E+00  0.0000E+00  0.0000E+00
       5      190      188      189        0        0                         0.2559E+11  0.4217E+07  0.1330E+08  0.4595E+07  0.2471E+08  0.5104E+07  0.0000E+00  0.0000E+00
       2      191        6      190        6        0                         0.2557E+11  0.4110E+07  0.1070E+08  0.3029E+07  0.2483E+08  0.5820E+07  0.0000E+00  0.0000E+00
       3      192       12      191        0        0                         0.2586E+11  0.1688E+06  0.1048E+08  0.2892E+07  0.2393E+08  0.5429E+07  0.0000E+00  0.0000E+00
       5      193        5      192        0        0                         0.2691E+11  0.5032E+06  0.1082E+08  0.3359E+07  0.2498E+08  0.5575E+07  0.0000E+00  0.0000E+00
      11      194       35        0        0        0                   5p    0.0000E+00  0.0000E+00  0.0000E+00  0.0000E+00  0.0000E+00  0.0000E+00  0.0000E+00  0.0000E+00
       5      195      193      194        0        0                         0.2691E+11  0.5032E+06  0.1082E+08  0.3359E+07  0.2498E+08  0.5575E+07  0.0000E+00  0.0000E+00
       2      196        5      195        5        0                         0.2689E+11  0.4987E+06  0.1046E+08  0.2882E+07  0.2450E+08  0.5972E+07  0.0000E+00  0.0000E+00
       3      197       13      196        0        0                         0.2087E+11  0.1643E+06  0.1979E+07  0.8818E+06  0.1079E+08  0.2763E+07  0.0000E+00  0.0000E+00
       5      198        4      197        0        0                         0.2343E+11  0.9335E+06  0.2719E+07  0.1702E+07  0.1390E+08  0.3050E+07  0.0000E+00  0.0000E+00
      11      199       36        0        0        0                   4p    0.0000E+00  0.0000E+00  0.0000E+00  0.0000E+00  0.0000E+00  0.0000E+00  0.0000E+00  0.0000E+00
       5      200      198      199        0        0                         0.2343E+11  0.9335E+06  0.2719E+07  0.1702E+07  0.1390E+08  0.3050E+07  0.0000E+00  0.0000E+00
       2      201        4      200        4        0                         0.2342E+11  0.9271E+06  0.2786E+07  0.1399E+07  0.1377E+08  0.3256E+07  0.0000E+00  0.0000E+00
       5      202       25      128        0        0                         0.4849E+11  0.6727E+07  0.1384E+08  0.6083E+07  0.8455E+08  0.3473E+07  0.0000E+00  0.0000E+00
       5      203      202      131        0        0                         0.6176E+11  0.1602E+08  0.2466E+08  0.9602E+07  0.8914E+08  0.4419E+07  0.0000E+00  0.0000E+00
      11      204       37        0        0        0                  25p    0.0000E+00  0.0000E+00  0.0000E+00  0.0000E+00  0.0000E+00  0.0000E+00  0.0000E+00  0.0000E+00
       5      205      203      204        0        0                         0.6176E+11  0.1602E+08  0.2466E+08  0.9602E+07  0.8914E+08  0.4419E+07  0.0000E+00  0.0000E+00
       2      206       25      205       25        0                         0.6171E+11  0.1602E+08  0.1860E+08  0.6261E+07  0.9095E+08  0.5757E+07  0.0000E+00  0.0000E+00
       5      207       11       62        0        0                         0.1821E+11  0.1381E+08  0.1372E+08  0.8807E+07  0.1634E+08  0.8996E+07  0.0000E+00  0.0000E+00
       5      208      207      201        0        0                         0.4163E+11  0.1474E+08  0.1650E+08  0.1021E+08  0.3011E+08  0.1225E+08  0.0000E+00  0.0000E+00
      11      209       38        0        0        0                  11p    0.0000E+00  0.0000E+00  0.0000E+00  0.0000E+00  0.0000E+00  0.0000E+00  0.0000E+00  0.0000E+00
       5      210      208      209        0        0                         0.4163E+11  0.1474E+08  0.1650E+08  0.1021E+08  0.3011E+08  0.1225E+08  0.0000E+00  0.0000E+00
       2      211       11      210       11        0                         0.4153E+11  0.1474E+08  0.1204E+08  0.6458E+07  0.3073E+08  0.1441E+08  0.0000E+00  0.0000E+00
       3      212       14      211        0        0                         0.4802E+11  0.3276E+06  0.1117E+08  0.5632E+07  0.2735E+08  0.1242E+08  0.0000E+00  0.0000E+00
       5      213       16      212        0        0                         0.5134E+11  0.3673E+07  0.1467E+08  0.8155E+07  0.2976E+08  0.1257E+08  0.0000E+00  0.0000E+00
      11      214       39        0        0        0                  16p    0.0000E+00  0.0000E+00  0.0000E+00  0.0000E+00  0.0000E+00  0.0000E+00  0.0000E+00  0.0000E+00
       5      215      213      214        0        0                         0.5134E+11  0.3673E+07  0.1467E+08  0.8155E+07  0.2976E+08  0.1257E+08  0.0000E+00  0.0000E+00
       2      216       16      215       16        0                         0.5127E+11  0.3673E+07  0.1454E+08  0.6112E+07  0.2874E+08  0.1396E+08  0.0000E+00  0.0000E+00
       5      217       17      216        0        0                         0.5132E+11  0.3698E+07  0.1457E+08  0.6129E+07  0.2879E+08  0.1396E+08  0.0000E+00  0.0000E+00
       5      218      217      177        0        0                         0.1373E+12  0.2216E+08  0.5847E+08  0.3279E+08  0.4244E+08  0.3735E+09  0.0000E+00  0.0000E+00
      11      219       40        0        0        0                  17p    0.0000E+00  0.0000E+00  0.0000E+00  0.0000E+00  0.0000E+00  0.0000E+00  0.0000E+00  0.0000E+00
       5      220      218      219        0        0                         0.1373E+12  0.2216E+08  0.5847E+08  0.3279E+08  0.4244E+08  0.3735E+09  0.0000E+00  0.0000E+00
       2      221       17      220       17        0                         0.1373E+12  0.2216E+08  0.5787E+08  0.3119E+08  0.4204E+08  0.3750E+09  0.0000E+00  0.0000E+00
       5      222       24      221        0        0                         0.1505E+12  0.3756E+08  0.6020E+08  0.3529E+08  0.5652E+08  0.3751E+09  0.0000E+00  0.0000E+00
      11      223       41        0        0        0                  24p    0.0000E+00  0.0000E+00  0.0000E+00  0.0000E+00  0.0000E+00  0.0000E+00  0.0000E+00  0.0000E+00
       5      224      222      223        0        0                         0.1505E+12  0.3756E+08  0.6020E+08  0.3529E+08  0.5652E+08  0.3751E+09  0.0000E+00  0.0000E+00
       2      225       24      224       24        0                         0.1503E+12  0.3196E+08  0.5469E+08  0.2457E+08  0.5320E+08  0.3875E+09  0.0000E+00  0.0000E+00
       3      226       15      225        0        0                         0.1504E+12  0.3234E+07  0.2883E+08  0.1279E+08  0.2803E+08  0.2381E+09  0.0000E+00  0.0000E+00
       5      227       28      166        0        0                         0.8089E+11  0.9694E+07  0.2872E+08  0.1586E+08  0.4666E+08  0.9267E+08  0.0000E+00  0.0000E+00
       5      228      227      226        0        0                         0.2313E+12  0.1293E+08  0.5755E+08  0.2864E+08  0.7468E+08  0.3308E+09  0.0000E+00  0.0000E+00
       5      229      228      116        0        0                         0.2838E+12  0.1298E+08  0.6021E+08  0.3103E+08  0.9177E+08  0.3372E+09  0.0000E+00  0.0000E+00
      11      230       42        0        0        0                  28p    0.0000E+00  0.0000E+00  0.0000E+00  0.0000E+00  0.0000E+00  0.0000E+00  0.0000E+00  0.0000E+00
       5      231      229      230        0        0                         0.2838E+12  0.1298E+08  0.6021E+08  0.3103E+08  0.9177E+08  0.3372E+09  0.0000E+00  0.0000E+00
       2      232       28      231       28        0                         0.2834E+12  0.1185E+08  0.7511E+08  0.2550E+08  0.8139E+08  0.3394E+09  0.0000E+00  0.0000E+00
       3      233       16      232        0        0                         0.2830E+12  0.9388E+06  0.6585E+08  0.2221E+08  0.6955E+08  0.3155E+09  0.0000E+00  0.0000E+00
       5      234       42      233        0        0                         0.2920E+12  0.1873E+07  0.6725E+08  0.2358E+08  0.7494E+08  0.3156E+09  0.0000E+00  0.0000E+00
       5      235      234      186        0        0                         0.3373E+12  0.5278E+07  0.7541E+08  0.2724E+08  0.9986E+08  0.3181E+09  0.0000E+00  0.0000E+00
      11      236       43        0        0        0                  42p    0.0000E+00  0.0000E+00  0.0000E+00  0.0000E+00  0.0000E+00  0.0000E+00  0.0000E+00  0.0000E+00
       5      237      235      236        0        0                         0.3373E+12  0.5278E+07  0.7541E+08  0.2724E+08  0.9986E+08  0.3181E+09  0.0000E+00  0.0000E+00
       2      238       42      237       42        0                         0.3370E+12  0.5278E+07  0.1014E+09  0.2627E+08  0.9161E+08  0.3207E+09  0.0000E+00  0.0000E+00
       3      239       17      238        0        0                         0.3384E+12  0.1569E+07  0.8740E+08  0.2208E+08  0.7084E+08  0.2948E+09  0.0000E+00  0.0000E+00
       5      240       43      239        0        0                         0.3464E+12  0.2285E+07  0.8828E+08  0.2356E+08  0.7474E+08  0.2949E+09  0.0000E+00  0.0000E+00
      11      241       44        0        0        0                  43p    0.0000E+00  0.0000E+00  0.0000E+00  0.0000E+00  0.0000E+00  0.0000E+00  0.0000E+00  0.0000E+00
       5      242      240      241        0        0                         0.3464E+12  0.2285E+07  0.8828E+08  0.2356E+08  0.7474E+08  0.2949E+09  0.0000E+00  0.0000E+00
       2      243       43      242       43        0                         0.3463E+12  0.2284E+07  0.9542E+08  0.2358E+08  0.7190E+08  0.2962E+09  0.0000E+00  0.0000E+00
       5      244       47      243        0        0                         0.3528E+12  0.2905E+07  0.9610E+08  0.2499E+08  0.7421E+08  0.2963E+09  0.0000E+00  0.0000E+00
      11      245       45        0        0        0                  47p    0.0000E+00  0.0000E+00  0.0000E+00  0.0000E+00  0.0000E+00  0.0000E+00  0.0000E+00  0.0000E+00
       5      246      244      245        0        0                         0.3528E+12  0.2905E+07  0.9610E+08  0.2499E+08  0.7421E+08  0.2963E+09  0.0000E+00  0.0000E+00
       2      247       47      246       47        0                         0.3525E+12  0.2868E+07  0.1055E+09  0.2235E+08  0.6957E+08  0.3022E+09  0.0000E+00  0.0000E+00
       3      248       18      247        0        0                         0.3526E+12  0.4231E+07  0.1022E+09  0.2123E+08  0.6500E+08  0.2927E+09  0.0000E+00  0.0000E+00
       5      249       46      158        0        0                         0.1555E+11  0.5555E+07  0.4390E+07  0.2271E+07  0.1142E+08  0.5217E+07  0.0000E+00  0.0000E+00
       5      250      249      248        0        0                         0.3682E+12  0.9786E+07  0.1066E+09  0.2350E+08  0.7642E+08  0.2979E+09  0.0000E+00  0.0000E+00
      11      251       46        0        0        0                  46p    0.0000E+00  0.0000E+00  0.0000E+00  0.0000E+00  0.0000E+00  0.0000E+00  0.0000E+00  0.0000E+00
       5      252      250      251        0        0                         0.3682E+12  0.9786E+07  0.1066E+09  0.2350E+08  0.7642E+08  0.2979E+09  0.0000E+00  0.0000E+00
       2      253       46      252       46        0                         0.3680E+12  0.9566E+07  0.1164E+09  0.2357E+08  0.7242E+08  0.3000E+09  0.0000E+00  0.0000E+00
       5      254       55      253        0        0                         0.3982E+12  0.1366E+08  0.1224E+09  0.2719E+08  0.1072E+09  0.3001E+09  0.0000E+00  0.0000E+00
      11      255       47        0        0        0                  55p    0.0000E+00  0.0000E+00  0.0000E+00  0.0000E+00  0.0000E+00  0.0000E+00  0.0000E+00  0.0000E+00
       5      256      254      255        0        0                         0.3982E+12  0.1366E+08  0.1224E+09  0.2719E+08  0.1072E+09  0.3001E+09  0.0000E+00  0.0000E+00
       2      257       55      256       55        0                         0.3978E+12  0.1203E+08  0.1174E+09  0.2207E+08  0.1038E+09  0.3054E+09  0.0000E+00  0.0000E+00
       3      258       19      257        0        0                         0.3985E+12  0.3804E+08  0.1061E+09  0.1911E+08  0.7768E+08  0.2770E+09  0.0000E+00  0.0000E+00
       5      259       53      147        0        0                         0.9752E+11  0.5385E+08  0.6678E+08  0.3093E+08  0.1747E+09  0.2763E+07  0.0000E+00  0.0000E+00
       5      260      259      258        0        0                         0.4960E+12  0.9188E+08  0.1729E+09  0.5005E+08  0.2523E+09  0.2798E+09  0.0000E+00  0.0000E+00
      11      261       48        0        0        0                  53p    0.0000E+00  0.0000E+00  0.0000E+00  0.0000E+00  0.0000E+00  0.0000E+00  0.0000E+00  0.0000E+00
       5      262      260      261        0        0                         0.4960E+12  0.9188E+08  0.1729E+09  0.5005E+08  0.2523E+09  0.2798E+09  0.0000E+00  0.0000E+00
       2      263       53      262       53        0                         0.4955E+12  0.9188E+08  0.1720E+09  0.4062E+08  0.2510E+09  0.2868E+09  0.0000E+00  0.0000E+00
       3      264       20      263        0        0                         0.5061E+12  0.5637E+08  0.1569E+09  0.3539E+08  0.2081E+09  0.2702E+09  0.0000E+00  0.0000E+00
       5      265       51      264        0        0                         0.5255E+12  0.5760E+08  0.1586E+09  0.3753E+08  0.2363E+09  0.2703E+09  0.0000E+00  0.0000E+00
      11      266       49        0        0        0                  51p    0.0000E+00  0.0000E+00  0.0000E+00  0.0000E+00  0.0000E+00  0.0000E+00  0.0000E+00  0.0000E+00
       5      267      265      266        0        0                         0.5255E+12  0.5760E+08  0.1586E+09  0.3753E+08  0.2363E+09  0.2703E+09  0.0000E+00  0.0000E+00
       2      268       51      267       51        0                         0.5251E+12  0.5492E+08  0.1648E+09  0.3551E+08  0.2288E+09  0.2733E+09  0.0000E+00  0.0000E+00
       3      269       21      268        0        0                         0.5253E+12  0.7891E+08  0.1616E+09  0.3445E+08  0.2206E+09  0.2679E+09  0.0000E+00  0.0000E+00
       5      270       50      269        0        0                         0.5453E+12  0.8020E+08  0.1631E+09  0.3657E+08  0.2350E+09  0.2680E+09  0.0000E+00  0.0000E+00
       5      271      270      161        0        0                         0.5592E+12  0.8088E+08  0.1642E+09  0.3773E+08  0.2403E+09  0.2682E+09  0.0000E+00  0.0000E+00
      11      272       50        0        0        0                  50p    0.0000E+00  0.0000E+00  0.0000E+00  0.0000E+00  0.0000E+00  0.0000E+00  0.0000E+00  0.0000E+00
       5      273      271      272        0        0                         0.5592E+12  0.8088E+08  0.1642E+09  0.3773E+08  0.2403E+09  0.2682E+09  0.0000E+00  0.0000E+00
       2      274       50      273       50        0                         0.5588E+12  0.8048E+08  0.1691E+09  0.3330E+08  0.2295E+09  0.2724E+09  0.0000E+00  0.0000E+00
       3      275       22      274        0        0                         0.5593E+12  0.4440E+07  0.1577E+09  0.3017E+08  0.2125E+09  0.2580E+09  0.0000E+00  0.0000E+00
       5      276       49      275        0        0                         0.5643E+12  0.5259E+07  0.1598E+09  0.3139E+08  0.2186E+09  0.2581E+09  0.0000E+00  0.0000E+00
      11      277       51        0        0        0                  49p    0.0000E+00  0.0000E+00  0.0000E+00  0.0000E+00  0.0000E+00  0.0000E+00  0.0000E+00  0.0000E+00
       5      278      276      277        0        0                         0.5643E+12  0.5259E+07  0.1598E+09  0.3139E+08  0.2186E+09  0.2581E+09  0.0000E+00  0.0000E+00
       2      279       49      278       49        0                         0.5636E+12  0.3738E+07  0.1558E+09  0.2682E+08  0.2161E+09  0.2660E+09  0.0000E+00  0.0000E+00
       5      280       36      279        0        0                         0.5944E+12  0.1027E+08  0.1657E+09  0.3252E+08  0.2373E+09  0.2663E+09  0.0000E+00  0.0000E+00
      11      281       52        0        0        0                  36p    0.0000E+00  0.0000E+00  0.0000E+00  0.0000E+00  0.0000E+00  0.0000E+00  0.0000E+00  0.0000E+00
       5      282      280      281        0        0                         0.5944E+12  0.1027E+08  0.1657E+09  0.3252E+08  0.2373E+09  0.2663E+09  0.0000E+00  0.0000E+00
       2      283       36      282       36        0                         0.5906E+12  0.6779E+07  0.1207E+09  0.1988E+08  0.2613E+09  0.2755E+09  0.0000E+00  0.0000E+00
       5      284       14      206        0        0                         0.8061E+11  0.2732E+08  0.4000E+08  0.1560E+08  0.9916E+08  0.6150E+07  0.0000E+00  0.0000E+00
       5      285      284      283        0        0                         0.6712E+12  0.3410E+08  0.1607E+09  0.3548E+08  0.3605E+09  0.2816E+09  0.0000E+00  0.0000E+00
      11      286       53        0        0        0                  14p    0.0000E+00  0.0000E+00  0.0000E+00  0.0000E+00  0.0000E+00  0.0000E+00  0.0000E+00  0.0000E+00
       5      287      285      286        0        0                         0.6712E+12  0.3410E+08  0.1607E+09  0.3548E+08  0.3605E+09  0.2816E+09  0.0000E+00  0.0000E+00
       2      288       14      287       14        0                         0.6709E+12  0.3410E+08  0.1285E+09  0.2489E+08  0.3837E+09  0.2890E+09  0.0000E+00  0.0000E+00
       5      289        7      288        0        0                         0.6777E+12  0.3678E+08  0.1339E+09  0.2707E+08  0.3859E+09  0.2891E+09  0.0000E+00  0.0000E+00
      11      290       54        0        0        0                   7p    0.0000E+00  0.0000E+00  0.0000E+00  0.0000E+00  0.0000E+00  0.0000E+00  0.0000E+00  0.0000E+00
       5      291      289      290        0        0                         0.6777E+12  0.3678E+08  0.1339E+09  0.2707E+08  0.3859E+09  0.2891E+09  0.0000E+00  0.0000E+00
       2      292        7      291        7        0                         0.6773E+12  0.3603E+08  0.1065E+09  0.1899E+08  0.4111E+09  0.2951E+09  0.0000E+00  0.0000E+00
       3      293       23      292        0        0                         0.6778E+12  0.3961E+07  0.8640E+08  0.1425E+08  0.3594E+09  0.2474E+09  0.0000E+00  0.0000E+00
       5      294        3      293        0        0                         0.6863E+12  0.9369E+07  0.9948E+08  0.1950E+08  0.3728E+09  0.2476E+09  0.0000E+00  0.0000E+00
      11      295       55        0        0        0                   3p    0.0000E+00  0.0000E+00  0.0000E+00  0.0000E+00  0.0000E+00  0.0000E+00  0.0000E+00  0.0000E+00
       5      296      294      295        0        0                         0.6863E+12  0.9369E+07  0.9948E+08  0.1950E+08  0.3728E+09  0.2476E+09  0.0000E+00  0.0000E+00
       2      297        3      296        3        0                         0.6856E+12  0.9367E+07  0.1070E+09  0.2021E+08  0.3654E+09  0.2473E+09  0.0000E+00  0.0000E+00
      14      297        1        0        0        0                         0.6856E+12  0.9367E+07  0.1070E+09  0.2021E+08  0.3654E+09  0.2473E+09  0.0000E+00  0.0000E+00
